Loaded plugins: fastestmirror, ovl
Determining fastest mirrors
Resolving Dependencies
--> Running transaction check
---> Package bind-license.noarch 32:9.9.4-72.el7 will be updated
---> Package bind-license.noarch 32:9.9.4-74.el7_6.2 will be an update
---> Package curl.x86_64 0:7.29.0-51.el7 will be updated
---> Package curl.x86_64 0:7.29.0-51.el7_6.3 will be an update
---> Package dbus.x86_64 1:1.10.24-12.el7 will be updated
---> Package dbus.x86_64 1:1.10.24-13.el7_6 will be an update
---> Package dbus-libs.x86_64 1:1.10.24-12.el7 will be updated
---> Package dbus-libs.x86_64 1:1.10.24-13.el7_6 will be an update
---> Package device-mapper.x86_64 7:1.02.149-8.el7 will be updated
---> Package device-mapper.x86_64 7:1.02.149-10.el7_6.8 will be an update
---> Package device-mapper-libs.x86_64 7:1.02.149-8.el7 will be updated
---> Package device-mapper-libs.x86_64 7:1.02.149-10.el7_6.8 will be an update
---> Package glib2.x86_64 0:2.56.1-2.el7 will be updated
---> Package glib2.x86_64 0:2.56.1-4.el7_6 will be an update
---> Package glibc.x86_64 0:2.17-260.el7 will be updated
---> Package glibc.x86_64 0:2.17-260.el7_6.6 will be an update
---> Package glibc-common.x86_64 0:2.17-260.el7 will be updated
---> Package glibc-common.x86_64 0:2.17-260.el7_6.6 will be an update
---> Package krb5-libs.x86_64 0:1.15.1-34.el7 will be updated
---> Package krb5-libs.x86_64 0:1.15.1-37.el7_6 will be an update
---> Package libblkid.x86_64 0:2.23.2-59.el7 will be updated
---> Package libblkid.x86_64 0:2.23.2-59.el7_6.1 will be an update
---> Package libcurl.x86_64 0:7.29.0-51.el7 will be updated
---> Package libcurl.x86_64 0:7.29.0-51.el7_6.3 will be an update
---> Package libgcc.x86_64 0:4.8.5-36.el7 will be updated
---> Package libgcc.x86_64 0:4.8.5-36.el7_6.2 will be an update
---> Package libmount.x86_64 0:2.23.2-59.el7 will be updated
---> Package libmount.x86_64 0:2.23.2-59.el7_6.1 will be an update
---> Package libsmartcols.x86_64 0:2.23.2-59.el7 will be updated
---> Package libsmartcols.x86_64 0:2.23.2-59.el7_6.1 will be an update
---> Package libssh2.x86_64 0:1.4.3-12.el7 will be updated
---> Package libssh2.x86_64 0:1.4.3-12.el7_6.3 will be an update
---> Package libstdc++.x86_64 0:4.8.5-36.el7 will be updated
---> Package libstdc++.x86_64 0:4.8.5-36.el7_6.2 will be an update
---> Package libuuid.x86_64 0:2.23.2-59.el7 will be updated
---> Package libuuid.x86_64 0:2.23.2-59.el7_6.1 will be an update
---> Package nss.x86_64 0:3.36.0-7.el7_5 will be updated
---> Package nss.x86_64 0:3.36.0-7.1.el7_6 will be an update
---> Package nss-pem.x86_64 0:1.0.3-5.el7 will be updated
---> Package nss-pem.x86_64 0:1.0.3-5.el7_6.1 will be an update
---> Package nss-sysinit.x86_64 0:3.36.0-7.el7_5 will be updated
---> Package nss-sysinit.x86_64 0:3.36.0-7.1.el7_6 will be an update
---> Package nss-tools.x86_64 0:3.36.0-7.el7_5 will be updated
---> Package nss-tools.x86_64 0:3.36.0-7.1.el7_6 will be an update
---> Package nss-util.x86_64 0:3.36.0-1.el7_5 will be updated
---> Package nss-util.x86_64 0:3.36.0-1.1.el7_6 will be an update
---> Package openldap.x86_64 0:2.4.44-20.el7 will be updated
---> Package openldap.x86_64 0:2.4.44-21.el7_6 will be an update
---> Package openssl-libs.x86_64 1:1.0.2k-16.el7 will be updated
---> Package openssl-libs.x86_64 1:1.0.2k-16.el7_6.1 will be an update
---> Package python.x86_64 0:2.7.5-76.el7 will be updated
---> Package python.x86_64 0:2.7.5-80.el7_6 will be an update
---> Package python-libs.x86_64 0:2.7.5-76.el7 will be updated
---> Package python-libs.x86_64 0:2.7.5-80.el7_6 will be an update
---> Package shadow-utils.x86_64 2:4.1.5.1-25.el7 will be updated
---> Package shadow-utils.x86_64 2:4.1.5.1-25.el7_6.1 will be an update
---> Package systemd.x86_64 0:219-62.el7 will be updated
---> Package systemd.x86_64 0:219-62.el7_6.9 will be an update
---> Package systemd-libs.x86_64 0:219-62.el7 will be updated
---> Package systemd-libs.x86_64 0:219-62.el7_6.9 will be an update
---> Package tzdata.noarch 0:2018e-3.el7 will be updated
---> Package tzdata.noarch 0:2019b-1.el7 will be an update
---> Package util-linux.x86_64 0:2.23.2-59.el7 will be updated
---> Package util-linux.x86_64 0:2.23.2-59.el7_6.1 will be an update
---> Package vim-minimal.x86_64 2:7.4.160-5.el7 will be updated
---> Package vim-minimal.x86_64 2:7.4.160-6.el7_6 will be an update
--> Finished Dependency Resolution

Dependencies Resolved

================================================================================
 Package                Arch       Version                    Repository   Size
================================================================================
Updating:
 bind-license           noarch     32:9.9.4-74.el7_6.2        updates      87 k
 curl                   x86_64     7.29.0-51.el7_6.3          updates     269 k
 dbus                   x86_64     1:1.10.24-13.el7_6         updates     245 k
 dbus-libs              x86_64     1:1.10.24-13.el7_6         updates     169 k
 device-mapper          x86_64     7:1.02.149-10.el7_6.8      updates     293 k
 device-mapper-libs     x86_64     7:1.02.149-10.el7_6.8      updates     321 k
 glib2                  x86_64     2.56.1-4.el7_6             updates     2.5 M
 glibc                  x86_64     2.17-260.el7_6.6           updates     3.7 M
 glibc-common           x86_64     2.17-260.el7_6.6           updates      12 M
 krb5-libs              x86_64     1.15.1-37.el7_6            updates     803 k
 libblkid               x86_64     2.23.2-59.el7_6.1          updates     181 k
 libcurl                x86_64     7.29.0-51.el7_6.3          updates     222 k
 libgcc                 x86_64     4.8.5-36.el7_6.2           updates     102 k
 libmount               x86_64     2.23.2-59.el7_6.1          updates     182 k
 libsmartcols           x86_64     2.23.2-59.el7_6.1          updates     140 k
 libssh2                x86_64     1.4.3-12.el7_6.3           updates     135 k
 libstdc++              x86_64     4.8.5-36.el7_6.2           updates     305 k
 libuuid                x86_64     2.23.2-59.el7_6.1          updates      82 k
 nss                    x86_64     3.36.0-7.1.el7_6           updates     835 k
 nss-pem                x86_64     1.0.3-5.el7_6.1            updates      74 k
 nss-sysinit            x86_64     3.36.0-7.1.el7_6           updates      62 k
 nss-tools              x86_64     3.36.0-7.1.el7_6           updates     515 k
 nss-util               x86_64     3.36.0-1.1.el7_6           updates      78 k
 openldap               x86_64     2.4.44-21.el7_6            updates     356 k
 openssl-libs           x86_64     1:1.0.2k-16.el7_6.1        updates     1.2 M
 python                 x86_64     2.7.5-80.el7_6             updates      95 k
 python-libs            x86_64     2.7.5-80.el7_6             updates     5.6 M
 shadow-utils           x86_64     2:4.1.5.1-25.el7_6.1       updates     1.1 M
 systemd                x86_64     219-62.el7_6.9             updates     5.1 M
 systemd-libs           x86_64     219-62.el7_6.9             updates     408 k
 tzdata                 noarch     2019b-1.el7                updates     491 k
 util-linux             x86_64     2.23.2-59.el7_6.1          updates     2.0 M
 vim-minimal            x86_64     2:7.4.160-6.el7_6          updates     437 k

Transaction Summary
================================================================================
Upgrade  33 Packages

Total download size: 39 M
Downloading packages:
Delta RPMs disabled because /usr/bin/applydeltarpm not installed.
Public key for bind-license-9.9.4-74.el7_6.2.noarch.rpm is not installed
--------------------------------------------------------------------------------
Total                                              2.4 MB/s |  39 MB  00:16     
Retrieving key from file:///etc/pki/rpm-gpg/RPM-GPG-KEY-CentOS-7
Running transaction check
Running transaction test
Transaction test succeeded
Running transaction
  Updating   : libgcc-4.8.5-36.el7_6.2.x86_64                              1/66 
  Updating   : tzdata-2019b-1.el7.noarch                                   2/66 
  Updating   : glibc-common-2.17-260.el7_6.6.x86_64                        3/66 
  Updating   : glibc-2.17-260.el7_6.6.x86_64                               4/66 
  Updating   : nss-util-3.36.0-1.1.el7_6.x86_64                            5/66 
  Updating   : systemd-libs-219-62.el7_6.9.x86_64                          6/66 
  Updating   : libuuid-2.23.2-59.el7_6.1.x86_64                            7/66 
  Updating   : libblkid-2.23.2-59.el7_6.1.x86_64                           8/66 
  Updating   : libmount-2.23.2-59.el7_6.1.x86_64                           9/66 
  Updating   : nss-sysinit-3.36.0-7.1.el7_6.x86_64                        10/66 
  Updating   : nss-3.36.0-7.1.el7_6.x86_64                                11/66 
  Updating   : nss-pem-1.0.3-5.el7_6.1.x86_64                             12/66 
  Updating   : krb5-libs-1.15.1-37.el7_6.x86_64                           13/66 
  Updating   : 1:openssl-libs-1.0.2k-16.el7_6.1.x86_64                    14/66 
  Updating   : 2:shadow-utils-4.1.5.1-25.el7_6.1.x86_64                   15/66 
  Updating   : libssh2-1.4.3-12.el7_6.3.x86_64                            16/66 
  Updating   : python-libs-2.7.5-80.el7_6.x86_64                          17/66 
  Updating   : nss-tools-3.36.0-7.1.el7_6.x86_64                          18/66 
  Updating   : openldap-2.4.44-21.el7_6.x86_64                            19/66 
  Updating   : libcurl-7.29.0-51.el7_6.3.x86_64                           20/66 
  Updating   : 1:dbus-libs-1.10.24-13.el7_6.x86_64                        21/66 
  Updating   : systemd-219-62.el7_6.9.x86_64                              22/66 
Running in chroot, ignoring request.
  Updating   : 1:dbus-1.10.24-13.el7_6.x86_64                             23/66 
  Updating   : libsmartcols-2.23.2-59.el7_6.1.x86_64                      24/66 
  Updating   : util-linux-2.23.2-59.el7_6.1.x86_64                        25/66 
  Updating   : 7:device-mapper-1.02.149-10.el7_6.8.x86_64                 26/66 
  Updating   : 7:device-mapper-libs-1.02.149-10.el7_6.8.x86_64            27/66 
  Updating   : curl-7.29.0-51.el7_6.3.x86_64                              28/66 
  Updating   : python-2.7.5-80.el7_6.x86_64                               29/66 
  Updating   : glib2-2.56.1-4.el7_6.x86_64                                30/66 
  Updating   : libstdc++-4.8.5-36.el7_6.2.x86_64                          31/66 
  Updating   : 2:vim-minimal-7.4.160-6.el7_6.x86_64                       32/66 
  Updating   : 32:bind-license-9.9.4-74.el7_6.2.noarch                    33/66 
  Cleanup    : curl-7.29.0-51.el7.x86_64                                  34/66 
  Cleanup    : 7:device-mapper-1.02.149-8.el7.x86_64                      35/66 
  Cleanup    : 7:device-mapper-libs-1.02.149-8.el7.x86_64                 36/66 
  Cleanup    : 1:dbus-1.10.24-12.el7.x86_64                               37/66 
  Cleanup    : systemd-219-62.el7.x86_64                                  38/66 
  Cleanup    : libcurl-7.29.0-51.el7.x86_64                               39/66 
  Cleanup    : openldap-2.4.44-20.el7.x86_64                              40/66 
  Cleanup    : util-linux-2.23.2-59.el7.x86_64                            41/66 
  Cleanup    : nss-tools-3.36.0-7.el7_5.x86_64                            42/66 
  Cleanup    : nss-pem-1.0.3-5.el7.x86_64                                 43/66 
  Cleanup    : nss-sysinit-3.36.0-7.el7_5.x86_64                          44/66 
  Cleanup    : nss-3.36.0-7.el7_5.x86_64                                  45/66 
  Cleanup    : python-2.7.5-76.el7.x86_64                                 46/66 
  Cleanup    : python-libs-2.7.5-76.el7.x86_64                            47/66 
  Cleanup    : glib2-2.56.1-2.el7.x86_64                                  48/66 
  Cleanup    : libmount-2.23.2-59.el7.x86_64                              49/66 
  Cleanup    : libblkid-2.23.2-59.el7.x86_64                              50/66 
  Cleanup    : libssh2-1.4.3-12.el7.x86_64                                51/66 
  Cleanup    : krb5-libs-1.15.1-34.el7.x86_64                             52/66 
  Cleanup    : 1:openssl-libs-1.0.2k-16.el7.x86_64                        53/66 
  Cleanup    : 1:dbus-libs-1.10.24-12.el7.x86_64                          54/66 
  Cleanup    : systemd-libs-219-62.el7.x86_64                             55/66 
  Cleanup    : libstdc++-4.8.5-36.el7.x86_64                              56/66 
  Cleanup    : libuuid-2.23.2-59.el7.x86_64                               57/66 
  Cleanup    : nss-util-3.36.0-1.el7_5.x86_64                             58/66 
  Cleanup    : libsmartcols-2.23.2-59.el7.x86_64                          59/66 
  Cleanup    : 2:shadow-utils-4.1.5.1-25.el7.x86_64                       60/66 
  Cleanup    : 2:vim-minimal-7.4.160-5.el7.x86_64                         61/66 
  Cleanup    : 32:bind-license-9.9.4-72.el7.noarch                        62/66 
  Cleanup    : glibc-common-2.17-260.el7.x86_64                           63/66 
  Cleanup    : glibc-2.17-260.el7.x86_64                                  64/66 
  Cleanup    : tzdata-2018e-3.el7.noarch                                  65/66 
  Cleanup    : libgcc-4.8.5-36.el7.x86_64                                 66/66 
  Verifying  : glib2-2.56.1-4.el7_6.x86_64                                 1/66 
  Verifying  : curl-7.29.0-51.el7_6.3.x86_64                               2/66 
  Verifying  : 7:device-mapper-libs-1.02.149-10.el7_6.8.x86_64             3/66 
  Verifying  : systemd-219-62.el7_6.9.x86_64                               4/66 
  Verifying  : nss-pem-1.0.3-5.el7_6.1.x86_64                              5/66 
  Verifying  : python-2.7.5-80.el7_6.x86_64                                6/66 
  Verifying  : glibc-2.17-260.el7_6.6.x86_64                               7/66 
  Verifying  : util-linux-2.23.2-59.el7_6.1.x86_64                         8/66 
  Verifying  : libmount-2.23.2-59.el7_6.1.x86_64                           9/66 
  Verifying  : libstdc++-4.8.5-36.el7_6.2.x86_64                          10/66 
  Verifying  : krb5-libs-1.15.1-37.el7_6.x86_64                           11/66 
  Verifying  : 2:shadow-utils-4.1.5.1-25.el7_6.1.x86_64                   12/66 
  Verifying  : nss-tools-3.36.0-7.1.el7_6.x86_64                          13/66 
  Verifying  : libgcc-4.8.5-36.el7_6.2.x86_64                             14/66 
  Verifying  : nss-3.36.0-7.1.el7_6.x86_64                                15/66 
  Verifying  : libblkid-2.23.2-59.el7_6.1.x86_64                          16/66 
  Verifying  : 1:dbus-libs-1.10.24-13.el7_6.x86_64                        17/66 
  Verifying  : nss-util-3.36.0-1.1.el7_6.x86_64                           18/66 
  Verifying  : nss-sysinit-3.36.0-7.1.el7_6.x86_64                        19/66 
  Verifying  : libssh2-1.4.3-12.el7_6.3.x86_64                            20/66 
  Verifying  : 1:openssl-libs-1.0.2k-16.el7_6.1.x86_64                    21/66 
  Verifying  : libsmartcols-2.23.2-59.el7_6.1.x86_64                      22/66 
  Verifying  : 7:device-mapper-1.02.149-10.el7_6.8.x86_64                 23/66 
  Verifying  : systemd-libs-219-62.el7_6.9.x86_64                         24/66 
  Verifying  : libuuid-2.23.2-59.el7_6.1.x86_64                           25/66 
  Verifying  : python-libs-2.7.5-80.el7_6.x86_64                          26/66 
  Verifying  : libcurl-7.29.0-51.el7_6.3.x86_64                           27/66 
  Verifying  : tzdata-2019b-1.el7.noarch                                  28/66 
  Verifying  : 1:dbus-1.10.24-13.el7_6.x86_64                             29/66 
  Verifying  : openldap-2.4.44-21.el7_6.x86_64                            30/66 
  Verifying  : 2:vim-minimal-7.4.160-6.el7_6.x86_64                       31/66 
  Verifying  : glibc-common-2.17-260.el7_6.6.x86_64                       32/66 
  Verifying  : 32:bind-license-9.9.4-74.el7_6.2.noarch                    33/66 
  Verifying  : python-2.7.5-76.el7.x86_64                                 34/66 
  Verifying  : libblkid-2.23.2-59.el7.x86_64                              35/66 
  Verifying  : libgcc-4.8.5-36.el7.x86_64                                 36/66 
  Verifying  : util-linux-2.23.2-59.el7.x86_64                            37/66 
  Verifying  : libstdc++-4.8.5-36.el7.x86_64                              38/66 
  Verifying  : nss-3.36.0-7.el7_5.x86_64                                  39/66 
  Verifying  : openldap-2.4.44-20.el7.x86_64                              40/66 
  Verifying  : 1:openssl-libs-1.0.2k-16.el7.x86_64                        41/66 
  Verifying  : glibc-2.17-260.el7.x86_64                                  42/66 
  Verifying  : systemd-libs-219-62.el7.x86_64                             43/66 
  Verifying  : nss-util-3.36.0-1.el7_5.x86_64                             44/66 
  Verifying  : 7:device-mapper-1.02.149-8.el7.x86_64                      45/66 
  Verifying  : libuuid-2.23.2-59.el7.x86_64                               46/66 
  Verifying  : 7:device-mapper-libs-1.02.149-8.el7.x86_64                 47/66 
  Verifying  : nss-pem-1.0.3-5.el7.x86_64                                 48/66 
  Verifying  : libssh2-1.4.3-12.el7.x86_64                                49/66 
  Verifying  : 2:shadow-utils-4.1.5.1-25.el7.x86_64                       50/66 
  Verifying  : glibc-common-2.17-260.el7.x86_64                           51/66 
  Verifying  : systemd-219-62.el7.x86_64                                  52/66 
  Verifying  : 1:dbus-libs-1.10.24-12.el7.x86_64                          53/66 
  Verifying  : nss-tools-3.36.0-7.el7_5.x86_64                            54/66 
  Verifying  : libmount-2.23.2-59.el7.x86_64                              55/66 
  Verifying  : tzdata-2018e-3.el7.noarch                                  56/66 
  Verifying  : libcurl-7.29.0-51.el7.x86_64                               57/66 
  Verifying  : libsmartcols-2.23.2-59.el7.x86_64                          58/66 
  Verifying  : glib2-2.56.1-2.el7.x86_64                                  59/66 
  Verifying  : 32:bind-license-9.9.4-72.el7.noarch                        60/66 
  Verifying  : nss-sysinit-3.36.0-7.el7_5.x86_64                          61/66 
  Verifying  : krb5-libs-1.15.1-34.el7.x86_64                             62/66 
  Verifying  : python-libs-2.7.5-76.el7.x86_64                            63/66 
  Verifying  : 1:dbus-1.10.24-12.el7.x86_64                               64/66 
  Verifying  : curl-7.29.0-51.el7.x86_64                                  65/66 
  Verifying  : 2:vim-minimal-7.4.160-5.el7.x86_64                         66/66 

Updated:
  bind-license.noarch 32:9.9.4-74.el7_6.2                                       
  curl.x86_64 0:7.29.0-51.el7_6.3                                               
  dbus.x86_64 1:1.10.24-13.el7_6                                                
  dbus-libs.x86_64 1:1.10.24-13.el7_6                                           
  device-mapper.x86_64 7:1.02.149-10.el7_6.8                                    
  device-mapper-libs.x86_64 7:1.02.149-10.el7_6.8                               
  glib2.x86_64 0:2.56.1-4.el7_6                                                 
  glibc.x86_64 0:2.17-260.el7_6.6                                               
  glibc-common.x86_64 0:2.17-260.el7_6.6                                        
  krb5-libs.x86_64 0:1.15.1-37.el7_6                                            
  libblkid.x86_64 0:2.23.2-59.el7_6.1                                           
  libcurl.x86_64 0:7.29.0-51.el7_6.3                                            
  libgcc.x86_64 0:4.8.5-36.el7_6.2                                              
  libmount.x86_64 0:2.23.2-59.el7_6.1                                           
  libsmartcols.x86_64 0:2.23.2-59.el7_6.1                                       
  libssh2.x86_64 0:1.4.3-12.el7_6.3                                             
  libstdc++.x86_64 0:4.8.5-36.el7_6.2                                           
  libuuid.x86_64 0:2.23.2-59.el7_6.1                                            
  nss.x86_64 0:3.36.0-7.1.el7_6                                                 
  nss-pem.x86_64 0:1.0.3-5.el7_6.1                                              
  nss-sysinit.x86_64 0:3.36.0-7.1.el7_6                                         
  nss-tools.x86_64 0:3.36.0-7.1.el7_6                                           
  nss-util.x86_64 0:3.36.0-1.1.el7_6                                            
  openldap.x86_64 0:2.4.44-21.el7_6                                             
  openssl-libs.x86_64 1:1.0.2k-16.el7_6.1                                       
  python.x86_64 0:2.7.5-80.el7_6                                                
  python-libs.x86_64 0:2.7.5-80.el7_6                                           
  shadow-utils.x86_64 2:4.1.5.1-25.el7_6.1                                      
  systemd.x86_64 0:219-62.el7_6.9                                               
  systemd-libs.x86_64 0:219-62.el7_6.9                                          
  tzdata.noarch 0:2019b-1.el7                                                   
  util-linux.x86_64 0:2.23.2-59.el7_6.1                                         
  vim-minimal.x86_64 2:7.4.160-6.el7_6                                          

Complete!
Installing development tools using YUM
Loaded plugins: fastestmirror, ovl
Loading mirror speeds from cached hostfile
Resolving Dependencies
--> Running transaction check
---> Package atlas.x86_64 0:3.10.1-12.el7 will be installed
--> Processing Dependency: libgfortran.so.3(GFORTRAN_1.4)(64bit) for package: atlas-3.10.1-12.el7.x86_64
--> Processing Dependency: libgfortran.so.3(GFORTRAN_1.0)(64bit) for package: atlas-3.10.1-12.el7.x86_64
--> Processing Dependency: libgfortran.so.3()(64bit) for package: atlas-3.10.1-12.el7.x86_64
---> Package bc.x86_64 0:1.06.95-13.el7 will be installed
---> Package expect.x86_64 0:5.45-14.el7_1 will be installed
---> Package gcc-c++.x86_64 0:4.8.5-36.el7_6.2 will be installed
--> Processing Dependency: gcc = 4.8.5-36.el7_6.2 for package: gcc-c++-4.8.5-36.el7_6.2.x86_64
--> Processing Dependency: libmpfr.so.4()(64bit) for package: gcc-c++-4.8.5-36.el7_6.2.x86_64
--> Processing Dependency: libmpc.so.3()(64bit) for package: gcc-c++-4.8.5-36.el7_6.2.x86_64
---> Package gcc-gfortran.x86_64 0:4.8.5-36.el7_6.2 will be installed
--> Processing Dependency: libquadmath-devel = 4.8.5-36.el7_6.2 for package: gcc-gfortran-4.8.5-36.el7_6.2.x86_64
--> Processing Dependency: libquadmath = 4.8.5-36.el7_6.2 for package: gcc-gfortran-4.8.5-36.el7_6.2.x86_64
---> Package infiniband-diags.x86_64 0:2.0.0-2.el7 will be installed
---> Package infinipath-psm.x86_64 0:3.3-26_g604758e_open.2.el7 will be installed
---> Package iproute.x86_64 0:4.11.0-14.el7_6.2 will be installed
--> Processing Dependency: libmnl.so.0(LIBMNL_1.0)(64bit) for package: iproute-4.11.0-14.el7_6.2.x86_64
--> Processing Dependency: libxtables.so.10()(64bit) for package: iproute-4.11.0-14.el7_6.2.x86_64
--> Processing Dependency: libmnl.so.0()(64bit) for package: iproute-4.11.0-14.el7_6.2.x86_64
---> Package irqbalance.x86_64 3:1.0.7-11.el7 will be installed
---> Package libibumad.x86_64 0:17.2-3.el7 will be installed
---> Package libibverbs.x86_64 0:17.2-3.el7 will be installed
--> Processing Dependency: perl(Getopt::Long) for package: libibverbs-17.2-3.el7.x86_64
--> Processing Dependency: perl(File::Path) for package: libibverbs-17.2-3.el7.x86_64
--> Processing Dependency: libnl-route-3.so.200(libnl_3)(64bit) for package: libibverbs-17.2-3.el7.x86_64
--> Processing Dependency: libnl-3.so.200(libnl_3)(64bit) for package: libibverbs-17.2-3.el7.x86_64
--> Processing Dependency: libnl-route-3.so.200()(64bit) for package: libibverbs-17.2-3.el7.x86_64
--> Processing Dependency: libnl-3.so.200()(64bit) for package: libibverbs-17.2-3.el7.x86_64
---> Package libpsm2.x86_64 0:10.3.58-1.el7 will be installed
---> Package librdmacm.x86_64 0:17.2-3.el7 will be installed
---> Package libstdc++-devel.x86_64 0:4.8.5-36.el7_6.2 will be installed
---> Package libuuid-devel.x86_64 0:2.23.2-59.el7_6.1 will be installed
---> Package make.x86_64 1:3.82-23.el7 will be installed
---> Package net-tools.x86_64 0:2.0-0.24.20131004git.el7 will be installed
---> Package numactl-libs.x86_64 0:2.0.9-7.el7 will be installed
---> Package opensm-libs.x86_64 0:3.3.20-3.el7 will be installed
---> Package openssh-server.x86_64 0:7.4p1-16.el7 will be installed
--> Processing Dependency: openssh = 7.4p1-16.el7 for package: openssh-server-7.4p1-16.el7.x86_64
--> Processing Dependency: fipscheck-lib(x86-64) >= 1.3.0 for package: openssh-server-7.4p1-16.el7.x86_64
--> Processing Dependency: libwrap.so.0()(64bit) for package: openssh-server-7.4p1-16.el7.x86_64
--> Processing Dependency: libfipscheck.so.1()(64bit) for package: openssh-server-7.4p1-16.el7.x86_64
---> Package openssl.x86_64 1:1.0.2k-16.el7_6.1 will be installed
---> Package openssl-devel.x86_64 1:1.0.2k-16.el7_6.1 will be installed
--> Processing Dependency: zlib-devel(x86-64) for package: 1:openssl-devel-1.0.2k-16.el7_6.1.x86_64
--> Processing Dependency: krb5-devel(x86-64) for package: 1:openssl-devel-1.0.2k-16.el7_6.1.x86_64
---> Package pciutils.x86_64 0:3.5.1-3.el7 will be installed
--> Processing Dependency: pciutils-libs = 3.5.1-3.el7 for package: pciutils-3.5.1-3.el7.x86_64
--> Processing Dependency: libpci.so.3(LIBPCI_3.5)(64bit) for package: pciutils-3.5.1-3.el7.x86_64
--> Processing Dependency: libpci.so.3(LIBPCI_3.3)(64bit) for package: pciutils-3.5.1-3.el7.x86_64
--> Processing Dependency: libpci.so.3(LIBPCI_3.1)(64bit) for package: pciutils-3.5.1-3.el7.x86_64
--> Processing Dependency: libpci.so.3(LIBPCI_3.0)(64bit) for package: pciutils-3.5.1-3.el7.x86_64
--> Processing Dependency: hwdata for package: pciutils-3.5.1-3.el7.x86_64
--> Processing Dependency: libpci.so.3()(64bit) for package: pciutils-3.5.1-3.el7.x86_64
---> Package perftest.x86_64 0:4.2-2.el7 will be installed
---> Package perl.x86_64 4:5.16.3-294.el7_6 will be installed
--> Processing Dependency: perl-libs = 4:5.16.3-294.el7_6 for package: 4:perl-5.16.3-294.el7_6.x86_64
--> Processing Dependency: perl(Socket) >= 1.3 for package: 4:perl-5.16.3-294.el7_6.x86_64
--> Processing Dependency: perl(Scalar::Util) >= 1.10 for package: 4:perl-5.16.3-294.el7_6.x86_64
--> Processing Dependency: perl-macros for package: 4:perl-5.16.3-294.el7_6.x86_64
--> Processing Dependency: perl-libs for package: 4:perl-5.16.3-294.el7_6.x86_64
--> Processing Dependency: perl(threads::shared) for package: 4:perl-5.16.3-294.el7_6.x86_64
--> Processing Dependency: perl(threads) for package: 4:perl-5.16.3-294.el7_6.x86_64
--> Processing Dependency: perl(constant) for package: 4:perl-5.16.3-294.el7_6.x86_64
--> Processing Dependency: perl(Time::Local) for package: 4:perl-5.16.3-294.el7_6.x86_64
--> Processing Dependency: perl(Time::HiRes) for package: 4:perl-5.16.3-294.el7_6.x86_64
--> Processing Dependency: perl(Storable) for package: 4:perl-5.16.3-294.el7_6.x86_64
--> Processing Dependency: perl(Socket) for package: 4:perl-5.16.3-294.el7_6.x86_64
--> Processing Dependency: perl(Scalar::Util) for package: 4:perl-5.16.3-294.el7_6.x86_64
--> Processing Dependency: perl(Pod::Simple::XHTML) for package: 4:perl-5.16.3-294.el7_6.x86_64
--> Processing Dependency: perl(Pod::Simple::Search) for package: 4:perl-5.16.3-294.el7_6.x86_64
--> Processing Dependency: perl(Filter::Util::Call) for package: 4:perl-5.16.3-294.el7_6.x86_64
--> Processing Dependency: perl(File::Temp) for package: 4:perl-5.16.3-294.el7_6.x86_64
--> Processing Dependency: perl(File::Spec::Unix) for package: 4:perl-5.16.3-294.el7_6.x86_64
--> Processing Dependency: perl(File::Spec::Functions) for package: 4:perl-5.16.3-294.el7_6.x86_64
--> Processing Dependency: perl(File::Spec) for package: 4:perl-5.16.3-294.el7_6.x86_64
--> Processing Dependency: perl(Exporter) for package: 4:perl-5.16.3-294.el7_6.x86_64
--> Processing Dependency: perl(Cwd) for package: 4:perl-5.16.3-294.el7_6.x86_64
--> Processing Dependency: perl(Carp) for package: 4:perl-5.16.3-294.el7_6.x86_64
--> Processing Dependency: libperl.so()(64bit) for package: 4:perl-5.16.3-294.el7_6.x86_64
---> Package postgresql-devel.x86_64 0:9.2.24-1.el7_5 will be installed
--> Processing Dependency: postgresql-libs(x86-64) = 9.2.24-1.el7_5 for package: postgresql-devel-9.2.24-1.el7_5.x86_64
--> Processing Dependency: postgresql(x86-64) = 9.2.24-1.el7_5 for package: postgresql-devel-9.2.24-1.el7_5.x86_64
--> Processing Dependency: libpq.so.5()(64bit) for package: postgresql-devel-9.2.24-1.el7_5.x86_64
--> Processing Dependency: libpgtypes.so.3()(64bit) for package: postgresql-devel-9.2.24-1.el7_5.x86_64
--> Processing Dependency: libecpg_compat.so.3()(64bit) for package: postgresql-devel-9.2.24-1.el7_5.x86_64
--> Processing Dependency: libecpg.so.6()(64bit) for package: postgresql-devel-9.2.24-1.el7_5.x86_64
---> Package qperf.x86_64 0:0.4.9-3.el7 will be installed
---> Package rdma-core.x86_64 0:17.2-3.el7 will be installed
--> Processing Dependency: initscripts for package: rdma-core-17.2-3.el7.x86_64
---> Package rdma-core-devel.x86_64 0:17.2-3.el7 will be installed
--> Processing Dependency: ibacm = 17.2-3.el7 for package: rdma-core-devel-17.2-3.el7.x86_64
---> Package sysfsutils.x86_64 0:2.1.0-16.el7 will be installed
--> Processing Dependency: libsysfs.so.2()(64bit) for package: sysfsutils-2.1.0-16.el7.x86_64
---> Package tcl.x86_64 1:8.5.13-8.el7 will be installed
---> Package tcsh.x86_64 0:6.18.01-15.el7 will be installed
---> Package which.x86_64 0:2.20-7.el7 will be installed
--> Running transaction check
---> Package fipscheck-lib.x86_64 0:1.4.1-6.el7 will be installed
--> Processing Dependency: /usr/bin/fipscheck for package: fipscheck-lib-1.4.1-6.el7.x86_64
---> Package gcc.x86_64 0:4.8.5-36.el7_6.2 will be installed
--> Processing Dependency: libgomp = 4.8.5-36.el7_6.2 for package: gcc-4.8.5-36.el7_6.2.x86_64
--> Processing Dependency: cpp = 4.8.5-36.el7_6.2 for package: gcc-4.8.5-36.el7_6.2.x86_64
--> Processing Dependency: glibc-devel >= 2.2.90-12 for package: gcc-4.8.5-36.el7_6.2.x86_64
--> Processing Dependency: libgomp.so.1()(64bit) for package: gcc-4.8.5-36.el7_6.2.x86_64
---> Package hwdata.x86_64 0:0.252-9.1.el7 will be installed
---> Package ibacm.x86_64 0:17.2-3.el7 will be installed
---> Package initscripts.x86_64 0:9.49.46-1.el7 will be installed
--> Processing Dependency: sysvinit-tools >= 2.87-5 for package: initscripts-9.49.46-1.el7.x86_64
---> Package iptables.x86_64 0:1.4.21-28.el7 will be installed
--> Processing Dependency: libnfnetlink.so.0()(64bit) for package: iptables-1.4.21-28.el7.x86_64
--> Processing Dependency: libnetfilter_conntrack.so.3()(64bit) for package: iptables-1.4.21-28.el7.x86_64
---> Package krb5-devel.x86_64 0:1.15.1-37.el7_6 will be installed
--> Processing Dependency: libkadm5(x86-64) = 1.15.1-37.el7_6 for package: krb5-devel-1.15.1-37.el7_6.x86_64
--> Processing Dependency: libverto-devel for package: krb5-devel-1.15.1-37.el7_6.x86_64
--> Processing Dependency: libselinux-devel for package: krb5-devel-1.15.1-37.el7_6.x86_64
--> Processing Dependency: libcom_err-devel for package: krb5-devel-1.15.1-37.el7_6.x86_64
--> Processing Dependency: keyutils-libs-devel for package: krb5-devel-1.15.1-37.el7_6.x86_64
---> Package libgfortran.x86_64 0:4.8.5-36.el7_6.2 will be installed
---> Package libmnl.x86_64 0:1.0.3-7.el7 will be installed
---> Package libmpc.x86_64 0:1.0.1-3.el7 will be installed
---> Package libnl3.x86_64 0:3.2.28-4.el7 will be installed
---> Package libquadmath.x86_64 0:4.8.5-36.el7_6.2 will be installed
---> Package libquadmath-devel.x86_64 0:4.8.5-36.el7_6.2 will be installed
---> Package libsysfs.x86_64 0:2.1.0-16.el7 will be installed
---> Package mpfr.x86_64 0:3.1.1-4.el7 will be installed
---> Package openssh.x86_64 0:7.4p1-16.el7 will be installed
---> Package pciutils-libs.x86_64 0:3.5.1-3.el7 will be installed
---> Package perl-Carp.noarch 0:1.26-244.el7 will be installed
---> Package perl-Exporter.noarch 0:5.68-3.el7 will be installed
---> Package perl-File-Path.noarch 0:2.09-2.el7 will be installed
---> Package perl-File-Temp.noarch 0:0.23.01-3.el7 will be installed
---> Package perl-Filter.x86_64 0:1.49-3.el7 will be installed
---> Package perl-Getopt-Long.noarch 0:2.40-3.el7 will be installed
--> Processing Dependency: perl(Pod::Usage) >= 1.14 for package: perl-Getopt-Long-2.40-3.el7.noarch
--> Processing Dependency: perl(Text::ParseWords) for package: perl-Getopt-Long-2.40-3.el7.noarch
---> Package perl-PathTools.x86_64 0:3.40-5.el7 will be installed
---> Package perl-Pod-Simple.noarch 1:3.28-4.el7 will be installed
--> Processing Dependency: perl(Pod::Escapes) >= 1.04 for package: 1:perl-Pod-Simple-3.28-4.el7.noarch
--> Processing Dependency: perl(Encode) for package: 1:perl-Pod-Simple-3.28-4.el7.noarch
---> Package perl-Scalar-List-Utils.x86_64 0:1.27-248.el7 will be installed
---> Package perl-Socket.x86_64 0:2.010-4.el7 will be installed
---> Package perl-Storable.x86_64 0:2.45-3.el7 will be installed
---> Package perl-Time-HiRes.x86_64 4:1.9725-3.el7 will be installed
---> Package perl-Time-Local.noarch 0:1.2300-2.el7 will be installed
---> Package perl-constant.noarch 0:1.27-2.el7 will be installed
---> Package perl-libs.x86_64 4:5.16.3-294.el7_6 will be installed
---> Package perl-macros.x86_64 4:5.16.3-294.el7_6 will be installed
---> Package perl-threads.x86_64 0:1.87-4.el7 will be installed
---> Package perl-threads-shared.x86_64 0:1.43-6.el7 will be installed
---> Package postgresql.x86_64 0:9.2.24-1.el7_5 will be installed
---> Package postgresql-libs.x86_64 0:9.2.24-1.el7_5 will be installed
---> Package tcp_wrappers-libs.x86_64 0:7.6-77.el7 will be installed
---> Package zlib-devel.x86_64 0:1.2.7-18.el7 will be installed
--> Running transaction check
---> Package cpp.x86_64 0:4.8.5-36.el7_6.2 will be installed
---> Package fipscheck.x86_64 0:1.4.1-6.el7 will be installed
---> Package glibc-devel.x86_64 0:2.17-260.el7_6.6 will be installed
--> Processing Dependency: glibc-headers = 2.17-260.el7_6.6 for package: glibc-devel-2.17-260.el7_6.6.x86_64
--> Processing Dependency: glibc-headers for package: glibc-devel-2.17-260.el7_6.6.x86_64
---> Package keyutils-libs-devel.x86_64 0:1.5.8-3.el7 will be installed
---> Package libcom_err-devel.x86_64 0:1.42.9-13.el7 will be installed
---> Package libgomp.x86_64 0:4.8.5-36.el7_6.2 will be installed
---> Package libkadm5.x86_64 0:1.15.1-37.el7_6 will be installed
---> Package libnetfilter_conntrack.x86_64 0:1.0.6-1.el7_3 will be installed
---> Package libnfnetlink.x86_64 0:1.0.1-4.el7 will be installed
---> Package libselinux-devel.x86_64 0:2.5-14.1.el7 will be installed
--> Processing Dependency: libsepol-devel(x86-64) >= 2.5-10 for package: libselinux-devel-2.5-14.1.el7.x86_64
--> Processing Dependency: pkgconfig(libsepol) for package: libselinux-devel-2.5-14.1.el7.x86_64
--> Processing Dependency: pkgconfig(libpcre) for package: libselinux-devel-2.5-14.1.el7.x86_64
---> Package libverto-devel.x86_64 0:0.2.5-4.el7 will be installed
---> Package perl-Encode.x86_64 0:2.51-7.el7 will be installed
---> Package perl-Pod-Escapes.noarch 1:1.04-294.el7_6 will be installed
---> Package perl-Pod-Usage.noarch 0:1.63-3.el7 will be installed
--> Processing Dependency: perl(Pod::Text) >= 3.15 for package: perl-Pod-Usage-1.63-3.el7.noarch
--> Processing Dependency: perl-Pod-Perldoc for package: perl-Pod-Usage-1.63-3.el7.noarch
---> Package perl-Text-ParseWords.noarch 0:3.29-4.el7 will be installed
---> Package sysvinit-tools.x86_64 0:2.88-14.dsf.el7 will be installed
--> Running transaction check
---> Package glibc-headers.x86_64 0:2.17-260.el7_6.6 will be installed
--> Processing Dependency: kernel-headers >= 2.2.1 for package: glibc-headers-2.17-260.el7_6.6.x86_64
--> Processing Dependency: kernel-headers for package: glibc-headers-2.17-260.el7_6.6.x86_64
---> Package libsepol-devel.x86_64 0:2.5-10.el7 will be installed
---> Package pcre-devel.x86_64 0:8.32-17.el7 will be installed
---> Package perl-Pod-Perldoc.noarch 0:3.20-4.el7 will be installed
--> Processing Dependency: perl(parent) for package: perl-Pod-Perldoc-3.20-4.el7.noarch
--> Processing Dependency: perl(HTTP::Tiny) for package: perl-Pod-Perldoc-3.20-4.el7.noarch
--> Processing Dependency: groff-base for package: perl-Pod-Perldoc-3.20-4.el7.noarch
---> Package perl-podlators.noarch 0:2.5.1-3.el7 will be installed
--> Running transaction check
---> Package groff-base.x86_64 0:1.22.2-8.el7 will be installed
---> Package kernel-headers.x86_64 0:3.10.0-957.27.2.el7 will be installed
---> Package perl-HTTP-Tiny.noarch 0:0.033-3.el7 will be installed
---> Package perl-parent.noarch 1:0.225-244.el7 will be installed
--> Finished Dependency Resolution

Dependencies Resolved

================================================================================
 Package                  Arch     Version                      Repository
                                                                           Size
================================================================================
Installing:
 atlas                    x86_64   3.10.1-12.el7                base      4.5 M
 bc                       x86_64   1.06.95-13.el7               base      115 k
 expect                   x86_64   5.45-14.el7_1                base      262 k
 gcc-c++                  x86_64   4.8.5-36.el7_6.2             updates   7.2 M
 gcc-gfortran             x86_64   4.8.5-36.el7_6.2             updates   6.7 M
 infiniband-diags         x86_64   2.0.0-2.el7                  base      305 k
 infinipath-psm           x86_64   3.3-26_g604758e_open.2.el7   base      186 k
 iproute                  x86_64   4.11.0-14.el7_6.2            updates   764 k
 irqbalance               x86_64   3:1.0.7-11.el7               base       45 k
 libibumad                x86_64   17.2-3.el7                   base       23 k
 libibverbs               x86_64   17.2-3.el7                   base      246 k
 libpsm2                  x86_64   10.3.58-1.el7                base      183 k
 librdmacm                x86_64   17.2-3.el7                   base       62 k
 libstdc++-devel          x86_64   4.8.5-36.el7_6.2             updates   1.5 M
 libuuid-devel            x86_64   2.23.2-59.el7_6.1            updates    91 k
 make                     x86_64   1:3.82-23.el7                base      420 k
 net-tools                x86_64   2.0-0.24.20131004git.el7     base      306 k
 numactl-libs             x86_64   2.0.9-7.el7                  base       29 k
 opensm-libs              x86_64   3.3.20-3.el7                 base       66 k
 openssh-server           x86_64   7.4p1-16.el7                 base      458 k
 openssl                  x86_64   1:1.0.2k-16.el7_6.1          updates   493 k
 openssl-devel            x86_64   1:1.0.2k-16.el7_6.1          updates   1.5 M
 pciutils                 x86_64   3.5.1-3.el7                  base       93 k
 perftest                 x86_64   4.2-2.el7                    base      205 k
 perl                     x86_64   4:5.16.3-294.el7_6           updates   8.0 M
 postgresql-devel         x86_64   9.2.24-1.el7_5               base      952 k
 qperf                    x86_64   0.4.9-3.el7                  base       59 k
 rdma-core                x86_64   17.2-3.el7                   base       49 k
 rdma-core-devel          x86_64   17.2-3.el7                   base      208 k
 sysfsutils               x86_64   2.1.0-16.el7                 base       41 k
 tcl                      x86_64   1:8.5.13-8.el7               base      1.9 M
 tcsh                     x86_64   6.18.01-15.el7               base      338 k
 which                    x86_64   2.20-7.el7                   base       41 k
Installing for dependencies:
 cpp                      x86_64   4.8.5-36.el7_6.2             updates   5.9 M
 fipscheck                x86_64   1.4.1-6.el7                  base       21 k
 fipscheck-lib            x86_64   1.4.1-6.el7                  base       11 k
 gcc                      x86_64   4.8.5-36.el7_6.2             updates    16 M
 glibc-devel              x86_64   2.17-260.el7_6.6             updates   1.1 M
 glibc-headers            x86_64   2.17-260.el7_6.6             updates   684 k
 groff-base               x86_64   1.22.2-8.el7                 base      942 k
 hwdata                   x86_64   0.252-9.1.el7                base      2.3 M
 ibacm                    x86_64   17.2-3.el7                   base       79 k
 initscripts              x86_64   9.49.46-1.el7                base      439 k
 iptables                 x86_64   1.4.21-28.el7                base      433 k
 kernel-headers           x86_64   3.10.0-957.27.2.el7          updates   8.0 M
 keyutils-libs-devel      x86_64   1.5.8-3.el7                  base       37 k
 krb5-devel               x86_64   1.15.1-37.el7_6              updates   271 k
 libcom_err-devel         x86_64   1.42.9-13.el7                base       31 k
 libgfortran              x86_64   4.8.5-36.el7_6.2             updates   300 k
 libgomp                  x86_64   4.8.5-36.el7_6.2             updates   158 k
 libkadm5                 x86_64   1.15.1-37.el7_6              updates   178 k
 libmnl                   x86_64   1.0.3-7.el7                  base       23 k
 libmpc                   x86_64   1.0.1-3.el7                  base       51 k
 libnetfilter_conntrack   x86_64   1.0.6-1.el7_3                base       55 k
 libnfnetlink             x86_64   1.0.1-4.el7                  base       26 k
 libnl3                   x86_64   3.2.28-4.el7                 base      278 k
 libquadmath              x86_64   4.8.5-36.el7_6.2             updates   189 k
 libquadmath-devel        x86_64   4.8.5-36.el7_6.2             updates    53 k
 libselinux-devel         x86_64   2.5-14.1.el7                 base      187 k
 libsepol-devel           x86_64   2.5-10.el7                   base       77 k
 libsysfs                 x86_64   2.1.0-16.el7                 base       46 k
 libverto-devel           x86_64   0.2.5-4.el7                  base       12 k
 mpfr                     x86_64   3.1.1-4.el7                  base      203 k
 openssh                  x86_64   7.4p1-16.el7                 base      510 k
 pciutils-libs            x86_64   3.5.1-3.el7                  base       46 k
 pcre-devel               x86_64   8.32-17.el7                  base      480 k
 perl-Carp                noarch   1.26-244.el7                 base       19 k
 perl-Encode              x86_64   2.51-7.el7                   base      1.5 M
 perl-Exporter            noarch   5.68-3.el7                   base       28 k
 perl-File-Path           noarch   2.09-2.el7                   base       26 k
 perl-File-Temp           noarch   0.23.01-3.el7                base       56 k
 perl-Filter              x86_64   1.49-3.el7                   base       76 k
 perl-Getopt-Long         noarch   2.40-3.el7                   base       56 k
 perl-HTTP-Tiny           noarch   0.033-3.el7                  base       38 k
 perl-PathTools           x86_64   3.40-5.el7                   base       82 k
 perl-Pod-Escapes         noarch   1:1.04-294.el7_6             updates    51 k
 perl-Pod-Perldoc         noarch   3.20-4.el7                   base       87 k
 perl-Pod-Simple          noarch   1:3.28-4.el7                 base      216 k
 perl-Pod-Usage           noarch   1.63-3.el7                   base       27 k
 perl-Scalar-List-Utils   x86_64   1.27-248.el7                 base       36 k
 perl-Socket              x86_64   2.010-4.el7                  base       49 k
 perl-Storable            x86_64   2.45-3.el7                   base       77 k
 perl-Text-ParseWords     noarch   3.29-4.el7                   base       14 k
 perl-Time-HiRes          x86_64   4:1.9725-3.el7               base       45 k
 perl-Time-Local          noarch   1.2300-2.el7                 base       24 k
 perl-constant            noarch   1.27-2.el7                   base       19 k
 perl-libs                x86_64   4:5.16.3-294.el7_6           updates   688 k
 perl-macros              x86_64   4:5.16.3-294.el7_6           updates    44 k
 perl-parent              noarch   1:0.225-244.el7              base       12 k
 perl-podlators           noarch   2.5.1-3.el7                  base      112 k
 perl-threads             x86_64   1.87-4.el7                   base       49 k
 perl-threads-shared      x86_64   1.43-6.el7                   base       39 k
 postgresql               x86_64   9.2.24-1.el7_5               base      3.0 M
 postgresql-libs          x86_64   9.2.24-1.el7_5               base      234 k
 sysvinit-tools           x86_64   2.88-14.dsf.el7              base       63 k
 tcp_wrappers-libs        x86_64   7.6-77.el7                   base       66 k
 zlib-devel               x86_64   1.2.7-18.el7                 base       50 k

Transaction Summary
================================================================================
Install  33 Packages (+64 Dependent packages)

Total download size: 83 M
Installed size: 225 M
Downloading packages:
--------------------------------------------------------------------------------
Total                                              2.4 MB/s |  83 MB  00:34     
Running transaction check
Running transaction test
Transaction test succeeded
Running transaction
  Installing : mpfr-3.1.1-4.el7.x86_64                                     1/97 
  Installing : libmpc-1.0.1-3.el7.x86_64                                   2/97 
  Installing : fipscheck-1.4.1-6.el7.x86_64                                3/97 
  Installing : fipscheck-lib-1.4.1-6.el7.x86_64                            4/97 
  Installing : libquadmath-4.8.5-36.el7_6.2.x86_64                         5/97 
  Installing : libgfortran-4.8.5-36.el7_6.2.x86_64                         6/97 
  Installing : numactl-libs-2.0.9-7.el7.x86_64                             7/97 
  Installing : libmnl-1.0.3-7.el7.x86_64                                   8/97 
  Installing : postgresql-libs-9.2.24-1.el7_5.x86_64                       9/97 
  Installing : libnfnetlink-1.0.1-4.el7.x86_64                            10/97 
  Installing : libnetfilter_conntrack-1.0.6-1.el7_3.x86_64                11/97 
  Installing : iptables-1.4.21-28.el7.x86_64                              12/97 
  Installing : iproute-4.11.0-14.el7_6.2.x86_64                           13/97 
  Installing : postgresql-9.2.24-1.el7_5.x86_64                           14/97 
  Installing : openssh-7.4p1-16.el7.x86_64                                15/97 
  Installing : cpp-4.8.5-36.el7_6.2.x86_64                                16/97 
  Installing : libstdc++-devel-4.8.5-36.el7_6.2.x86_64                    17/97 
  Installing : libcom_err-devel-1.42.9-13.el7.x86_64                      18/97 
  Installing : pciutils-libs-3.5.1-3.el7.x86_64                           19/97 
  Installing : libnl3-3.2.28-4.el7.x86_64                                 20/97 
  Installing : libgomp-4.8.5-36.el7_6.2.x86_64                            21/97 
  Installing : tcp_wrappers-libs-7.6-77.el7.x86_64                        22/97 
  Installing : 1:tcl-8.5.13-8.el7.x86_64                                  23/97 
  Installing : libkadm5-1.15.1-37.el7_6.x86_64                            24/97 
  Installing : hwdata-0.252-9.1.el7.x86_64                                25/97 
  Installing : pciutils-3.5.1-3.el7.x86_64                                26/97 
  Installing : kernel-headers-3.10.0-957.27.2.el7.x86_64                  27/97 
  Installing : glibc-headers-2.17-260.el7_6.6.x86_64                      28/97 
  Installing : glibc-devel-2.17-260.el7_6.6.x86_64                        29/97 
  Installing : gcc-4.8.5-36.el7_6.2.x86_64                                30/97 
  Installing : libquadmath-devel-4.8.5-36.el7_6.2.x86_64                  31/97 
  Installing : keyutils-libs-devel-1.5.8-3.el7.x86_64                     32/97 
  Installing : libsysfs-2.1.0-16.el7.x86_64                               33/97 
  Installing : pcre-devel-8.32-17.el7.x86_64                              34/97 
  Installing : 1:make-3.82-23.el7.x86_64                                  35/97 
  Installing : groff-base-1.22.2-8.el7.x86_64                             36/97 
  Installing : 1:perl-parent-0.225-244.el7.noarch                         37/97 
  Installing : perl-HTTP-Tiny-0.033-3.el7.noarch                          38/97 
  Installing : perl-podlators-2.5.1-3.el7.noarch                          39/97 
  Installing : perl-Pod-Perldoc-3.20-4.el7.noarch                         40/97 
  Installing : perl-Text-ParseWords-3.29-4.el7.noarch                     41/97 
  Installing : 1:perl-Pod-Escapes-1.04-294.el7_6.noarch                   42/97 
  Installing : perl-Encode-2.51-7.el7.x86_64                              43/97 
  Installing : perl-Pod-Usage-1.63-3.el7.noarch                           44/97 
  Installing : 4:perl-libs-5.16.3-294.el7_6.x86_64                        45/97 
  Installing : perl-threads-1.87-4.el7.x86_64                             46/97 
  Installing : perl-Socket-2.010-4.el7.x86_64                             47/97 
  Installing : 4:perl-Time-HiRes-1.9725-3.el7.x86_64                      48/97 
  Installing : perl-Storable-2.45-3.el7.x86_64                            49/97 
  Installing : perl-Filter-1.49-3.el7.x86_64                              50/97 
  Installing : perl-Exporter-5.68-3.el7.noarch                            51/97 
  Installing : perl-constant-1.27-2.el7.noarch                            52/97 
  Installing : perl-Carp-1.26-244.el7.noarch                              53/97 
  Installing : perl-Time-Local-1.2300-2.el7.noarch                        54/97 
  Installing : 4:perl-macros-5.16.3-294.el7_6.x86_64                      55/97 
  Installing : perl-threads-shared-1.43-6.el7.x86_64                      56/97 
  Installing : perl-File-Temp-0.23.01-3.el7.noarch                        57/97 
  Installing : perl-File-Path-2.09-2.el7.noarch                           58/97 
  Installing : perl-PathTools-3.40-5.el7.x86_64                           59/97 
  Installing : perl-Scalar-List-Utils-1.27-248.el7.x86_64                 60/97 
  Installing : 1:perl-Pod-Simple-3.28-4.el7.noarch                        61/97 
  Installing : perl-Getopt-Long-2.40-3.el7.noarch                         62/97 
  Installing : 4:perl-5.16.3-294.el7_6.x86_64                             63/97 
  Installing : zlib-devel-1.2.7-18.el7.x86_64                             64/97 
  Installing : libverto-devel-0.2.5-4.el7.x86_64                          65/97 
  Installing : libsepol-devel-2.5-10.el7.x86_64                           66/97 
  Installing : libselinux-devel-2.5-14.1.el7.x86_64                       67/97 
  Installing : krb5-devel-1.15.1-37.el7_6.x86_64                          68/97 
  Installing : sysvinit-tools-2.88-14.dsf.el7.x86_64                      69/97 
  Installing : initscripts-9.49.46-1.el7.x86_64                           70/97 
  Installing : rdma-core-17.2-3.el7.x86_64                                71/97 
  Installing : libibumad-17.2-3.el7.x86_64                                72/97 
  Installing : libibverbs-17.2-3.el7.x86_64                               73/97 
  Installing : librdmacm-17.2-3.el7.x86_64                                74/97 
  Installing : ibacm-17.2-3.el7.x86_64                                    75/97 
  Installing : opensm-libs-3.3.20-3.el7.x86_64                            76/97 
  Installing : infiniband-diags-2.0.0-2.el7.x86_64                        77/97 
  Installing : rdma-core-devel-17.2-3.el7.x86_64                          78/97 
  Installing : qperf-0.4.9-3.el7.x86_64                                   79/97 
  Installing : perftest-4.2-2.el7.x86_64                                  80/97 
  Installing : 1:openssl-devel-1.0.2k-16.el7_6.1.x86_64                   81/97 
  Installing : 1:openssl-1.0.2k-16.el7_6.1.x86_64                         82/97 
  Installing : sysfsutils-2.1.0-16.el7.x86_64                             83/97 
  Installing : gcc-gfortran-4.8.5-36.el7_6.2.x86_64                       84/97 
  Installing : gcc-c++-4.8.5-36.el7_6.2.x86_64                            85/97 
  Installing : expect-5.45-14.el7_1.x86_64                                86/97 
  Installing : openssh-server-7.4p1-16.el7.x86_64                         87/97 
  Installing : postgresql-devel-9.2.24-1.el7_5.x86_64                     88/97 
  Installing : 3:irqbalance-1.0.7-11.el7.x86_64                           89/97 
  Installing : libpsm2-10.3.58-1.el7.x86_64                               90/97 
  Installing : atlas-3.10.1-12.el7.x86_64                                 91/97 
  Installing : libuuid-devel-2.23.2-59.el7_6.1.x86_64                     92/97 
  Installing : net-tools-2.0-0.24.20131004git.el7.x86_64                  93/97 
  Installing : infinipath-psm-3.3-26_g604758e_open.2.el7.x86_64           94/97 
  Installing : bc-1.06.95-13.el7.x86_64                                   95/97 
  Installing : tcsh-6.18.01-15.el7.x86_64                                 96/97 
  Installing : which-2.20-7.el7.x86_64                                    97/97 
install-info: No such file or directory for /usr/share/info/which.info.gz
  Verifying  : fipscheck-lib-1.4.1-6.el7.x86_64                            1/97 
  Verifying  : perl-HTTP-Tiny-0.033-3.el7.noarch                           2/97 
  Verifying  : iproute-4.11.0-14.el7_6.2.x86_64                            3/97 
  Verifying  : 3:irqbalance-1.0.7-11.el7.x86_64                            4/97 
  Verifying  : librdmacm-17.2-3.el7.x86_64                                 5/97 
  Verifying  : sysvinit-tools-2.88-14.dsf.el7.x86_64                       6/97 
  Verifying  : gcc-4.8.5-36.el7_6.2.x86_64                                 7/97 
  Verifying  : libsepol-devel-2.5-10.el7.x86_64                            8/97 
  Verifying  : libverto-devel-0.2.5-4.el7.x86_64                           9/97 
  Verifying  : zlib-devel-1.2.7-18.el7.x86_64                             10/97 
  Verifying  : which-2.20-7.el7.x86_64                                    11/97 
  Verifying  : groff-base-1.22.2-8.el7.x86_64                             12/97 
  Verifying  : perl-File-Temp-0.23.01-3.el7.noarch                        13/97 
  Verifying  : perl-Socket-2.010-4.el7.x86_64                             14/97 
  Verifying  : fipscheck-1.4.1-6.el7.x86_64                               15/97 
  Verifying  : expect-5.45-14.el7_1.x86_64                                16/97 
  Verifying  : 1:make-3.82-23.el7.x86_64                                  17/97 
  Verifying  : libquadmath-devel-4.8.5-36.el7_6.2.x86_64                  18/97 
  Verifying  : libibumad-17.2-3.el7.x86_64                                19/97 
  Verifying  : libnfnetlink-1.0.1-4.el7.x86_64                            20/97 
  Verifying  : tcsh-6.18.01-15.el7.x86_64                                 21/97 
  Verifying  : openssh-7.4p1-16.el7.x86_64                                22/97 
  Verifying  : pcre-devel-8.32-17.el7.x86_64                              23/97 
  Verifying  : perl-File-Path-2.09-2.el7.noarch                           24/97 
  Verifying  : libsysfs-2.1.0-16.el7.x86_64                               25/97 
  Verifying  : libselinux-devel-2.5-14.1.el7.x86_64                       26/97 
  Verifying  : perl-Text-ParseWords-3.29-4.el7.noarch                     27/97 
  Verifying  : postgresql-libs-9.2.24-1.el7_5.x86_64                      28/97 
  Verifying  : keyutils-libs-devel-1.5.8-3.el7.x86_64                     29/97 
  Verifying  : 4:perl-Time-HiRes-1.9725-3.el7.x86_64                      30/97 
  Verifying  : libgfortran-4.8.5-36.el7_6.2.x86_64                        31/97 
  Verifying  : kernel-headers-3.10.0-957.27.2.el7.x86_64                  32/97 
  Verifying  : openssh-server-7.4p1-16.el7.x86_64                         33/97 
  Verifying  : rdma-core-17.2-3.el7.x86_64                                34/97 
  Verifying  : atlas-3.10.1-12.el7.x86_64                                 35/97 
  Verifying  : krb5-devel-1.15.1-37.el7_6.x86_64                          36/97 
  Verifying  : sysfsutils-2.1.0-16.el7.x86_64                             37/97 
  Verifying  : 4:perl-libs-5.16.3-294.el7_6.x86_64                        38/97 
  Verifying  : hwdata-0.252-9.1.el7.x86_64                                39/97 
  Verifying  : 1:openssl-1.0.2k-16.el7_6.1.x86_64                         40/97 
  Verifying  : gcc-c++-4.8.5-36.el7_6.2.x86_64                            41/97 
  Verifying  : glibc-devel-2.17-260.el7_6.6.x86_64                        42/97 
  Verifying  : libmpc-1.0.1-3.el7.x86_64                                  43/97 
  Verifying  : perl-Pod-Usage-1.63-3.el7.noarch                           44/97 
  Verifying  : pciutils-3.5.1-3.el7.x86_64                                45/97 
  Verifying  : qperf-0.4.9-3.el7.x86_64                                   46/97 
  Verifying  : perl-Encode-2.51-7.el7.x86_64                              47/97 
  Verifying  : rdma-core-devel-17.2-3.el7.x86_64                          48/97 
  Verifying  : libkadm5-1.15.1-37.el7_6.x86_64                            49/97 
  Verifying  : perl-threads-1.87-4.el7.x86_64                             50/97 
  Verifying  : perl-Getopt-Long-2.40-3.el7.noarch                         51/97 
  Verifying  : cpp-4.8.5-36.el7_6.2.x86_64                                52/97 
  Verifying  : postgresql-9.2.24-1.el7_5.x86_64                           53/97 
  Verifying  : 1:tcl-8.5.13-8.el7.x86_64                                  54/97 
  Verifying  : libmnl-1.0.3-7.el7.x86_64                                  55/97 
  Verifying  : perl-threads-shared-1.43-6.el7.x86_64                      56/97 
  Verifying  : perl-Storable-2.45-3.el7.x86_64                            57/97 
  Verifying  : 1:perl-Pod-Escapes-1.04-294.el7_6.noarch                   58/97 
  Verifying  : tcp_wrappers-libs-7.6-77.el7.x86_64                        59/97 
  Verifying  : initscripts-9.49.46-1.el7.x86_64                           60/97 
  Verifying  : bc-1.06.95-13.el7.x86_64                                   61/97 
  Verifying  : 1:perl-parent-0.225-244.el7.noarch                         62/97 
  Verifying  : ibacm-17.2-3.el7.x86_64                                    63/97 
  Verifying  : opensm-libs-3.3.20-3.el7.x86_64                            64/97 
  Verifying  : libgomp-4.8.5-36.el7_6.2.x86_64                            65/97 
  Verifying  : glibc-headers-2.17-260.el7_6.6.x86_64                      66/97 
  Verifying  : 4:perl-5.16.3-294.el7_6.x86_64                             67/97 
  Verifying  : numactl-libs-2.0.9-7.el7.x86_64                            68/97 
  Verifying  : perftest-4.2-2.el7.x86_64                                  69/97 
  Verifying  : gcc-gfortran-4.8.5-36.el7_6.2.x86_64                       70/97 
  Verifying  : 1:openssl-devel-1.0.2k-16.el7_6.1.x86_64                   71/97 
  Verifying  : iptables-1.4.21-28.el7.x86_64                              72/97 
  Verifying  : perl-podlators-2.5.1-3.el7.noarch                          73/97 
  Verifying  : mpfr-3.1.1-4.el7.x86_64                                    74/97 
  Verifying  : libquadmath-4.8.5-36.el7_6.2.x86_64                        75/97 
  Verifying  : libnl3-3.2.28-4.el7.x86_64                                 76/97 
  Verifying  : perl-Filter-1.49-3.el7.x86_64                              77/97 
  Verifying  : libibverbs-17.2-3.el7.x86_64                               78/97 
  Verifying  : libpsm2-10.3.58-1.el7.x86_64                               79/97 
  Verifying  : perl-Exporter-5.68-3.el7.noarch                            80/97 
  Verifying  : perl-constant-1.27-2.el7.noarch                            81/97 
  Verifying  : perl-PathTools-3.40-5.el7.x86_64                           82/97 
  Verifying  : libnetfilter_conntrack-1.0.6-1.el7_3.x86_64                83/97 
  Verifying  : pciutils-libs-3.5.1-3.el7.x86_64                           84/97 
  Verifying  : perl-Carp-1.26-244.el7.noarch                              85/97 
  Verifying  : libcom_err-devel-1.42.9-13.el7.x86_64                      86/97 
  Verifying  : infinipath-psm-3.3-26_g604758e_open.2.el7.x86_64           87/97 
  Verifying  : 1:perl-Pod-Simple-3.28-4.el7.noarch                        88/97 
  Verifying  : perl-Time-Local-1.2300-2.el7.noarch                        89/97 
  Verifying  : perl-Pod-Perldoc-3.20-4.el7.noarch                         90/97 
  Verifying  : libstdc++-devel-4.8.5-36.el7_6.2.x86_64                    91/97 
  Verifying  : 4:perl-macros-5.16.3-294.el7_6.x86_64                      92/97 
  Verifying  : net-tools-2.0-0.24.20131004git.el7.x86_64                  93/97 
  Verifying  : libuuid-devel-2.23.2-59.el7_6.1.x86_64                     94/97 
  Verifying  : perl-Scalar-List-Utils-1.27-248.el7.x86_64                 95/97 
  Verifying  : infiniband-diags-2.0.0-2.el7.x86_64                        96/97 
  Verifying  : postgresql-devel-9.2.24-1.el7_5.x86_64                     97/97 

Installed:
  atlas.x86_64 0:3.10.1-12.el7                                                  
  bc.x86_64 0:1.06.95-13.el7                                                    
  expect.x86_64 0:5.45-14.el7_1                                                 
  gcc-c++.x86_64 0:4.8.5-36.el7_6.2                                             
  gcc-gfortran.x86_64 0:4.8.5-36.el7_6.2                                        
  infiniband-diags.x86_64 0:2.0.0-2.el7                                         
  infinipath-psm.x86_64 0:3.3-26_g604758e_open.2.el7                            
  iproute.x86_64 0:4.11.0-14.el7_6.2                                            
  irqbalance.x86_64 3:1.0.7-11.el7                                              
  libibumad.x86_64 0:17.2-3.el7                                                 
  libibverbs.x86_64 0:17.2-3.el7                                                
  libpsm2.x86_64 0:10.3.58-1.el7                                                
  librdmacm.x86_64 0:17.2-3.el7                                                 
  libstdc++-devel.x86_64 0:4.8.5-36.el7_6.2                                     
  libuuid-devel.x86_64 0:2.23.2-59.el7_6.1                                      
  make.x86_64 1:3.82-23.el7                                                     
  net-tools.x86_64 0:2.0-0.24.20131004git.el7                                   
  numactl-libs.x86_64 0:2.0.9-7.el7                                             
  opensm-libs.x86_64 0:3.3.20-3.el7                                             
  openssh-server.x86_64 0:7.4p1-16.el7                                          
  openssl.x86_64 1:1.0.2k-16.el7_6.1                                            
  openssl-devel.x86_64 1:1.0.2k-16.el7_6.1                                      
  pciutils.x86_64 0:3.5.1-3.el7                                                 
  perftest.x86_64 0:4.2-2.el7                                                   
  perl.x86_64 4:5.16.3-294.el7_6                                                
  postgresql-devel.x86_64 0:9.2.24-1.el7_5                                      
  qperf.x86_64 0:0.4.9-3.el7                                                    
  rdma-core.x86_64 0:17.2-3.el7                                                 
  rdma-core-devel.x86_64 0:17.2-3.el7                                           
  sysfsutils.x86_64 0:2.1.0-16.el7                                              
  tcl.x86_64 1:8.5.13-8.el7                                                     
  tcsh.x86_64 0:6.18.01-15.el7                                                  
  which.x86_64 0:2.20-7.el7                                                     

Dependency Installed:
  cpp.x86_64 0:4.8.5-36.el7_6.2                                                 
  fipscheck.x86_64 0:1.4.1-6.el7                                                
  fipscheck-lib.x86_64 0:1.4.1-6.el7                                            
  gcc.x86_64 0:4.8.5-36.el7_6.2                                                 
  glibc-devel.x86_64 0:2.17-260.el7_6.6                                         
  glibc-headers.x86_64 0:2.17-260.el7_6.6                                       
  groff-base.x86_64 0:1.22.2-8.el7                                              
  hwdata.x86_64 0:0.252-9.1.el7                                                 
  ibacm.x86_64 0:17.2-3.el7                                                     
  initscripts.x86_64 0:9.49.46-1.el7                                            
  iptables.x86_64 0:1.4.21-28.el7                                               
  kernel-headers.x86_64 0:3.10.0-957.27.2.el7                                   
  keyutils-libs-devel.x86_64 0:1.5.8-3.el7                                      
  krb5-devel.x86_64 0:1.15.1-37.el7_6                                           
  libcom_err-devel.x86_64 0:1.42.9-13.el7                                       
  libgfortran.x86_64 0:4.8.5-36.el7_6.2                                         
  libgomp.x86_64 0:4.8.5-36.el7_6.2                                             
  libkadm5.x86_64 0:1.15.1-37.el7_6                                             
  libmnl.x86_64 0:1.0.3-7.el7                                                   
  libmpc.x86_64 0:1.0.1-3.el7                                                   
  libnetfilter_conntrack.x86_64 0:1.0.6-1.el7_3                                 
  libnfnetlink.x86_64 0:1.0.1-4.el7                                             
  libnl3.x86_64 0:3.2.28-4.el7                                                  
  libquadmath.x86_64 0:4.8.5-36.el7_6.2                                         
  libquadmath-devel.x86_64 0:4.8.5-36.el7_6.2                                   
  libselinux-devel.x86_64 0:2.5-14.1.el7                                        
  libsepol-devel.x86_64 0:2.5-10.el7                                            
  libsysfs.x86_64 0:2.1.0-16.el7                                                
  libverto-devel.x86_64 0:0.2.5-4.el7                                           
  mpfr.x86_64 0:3.1.1-4.el7                                                     
  openssh.x86_64 0:7.4p1-16.el7                                                 
  pciutils-libs.x86_64 0:3.5.1-3.el7                                            
  pcre-devel.x86_64 0:8.32-17.el7                                               
  perl-Carp.noarch 0:1.26-244.el7                                               
  perl-Encode.x86_64 0:2.51-7.el7                                               
  perl-Exporter.noarch 0:5.68-3.el7                                             
  perl-File-Path.noarch 0:2.09-2.el7                                            
  perl-File-Temp.noarch 0:0.23.01-3.el7                                         
  perl-Filter.x86_64 0:1.49-3.el7                                               
  perl-Getopt-Long.noarch 0:2.40-3.el7                                          
  perl-HTTP-Tiny.noarch 0:0.033-3.el7                                           
  perl-PathTools.x86_64 0:3.40-5.el7                                            
  perl-Pod-Escapes.noarch 1:1.04-294.el7_6                                      
  perl-Pod-Perldoc.noarch 0:3.20-4.el7                                          
  perl-Pod-Simple.noarch 1:3.28-4.el7                                           
  perl-Pod-Usage.noarch 0:1.63-3.el7                                            
  perl-Scalar-List-Utils.x86_64 0:1.27-248.el7                                  
  perl-Socket.x86_64 0:2.010-4.el7                                              
  perl-Storable.x86_64 0:2.45-3.el7                                             
  perl-Text-ParseWords.noarch 0:3.29-4.el7                                      
  perl-Time-HiRes.x86_64 4:1.9725-3.el7                                         
  perl-Time-Local.noarch 0:1.2300-2.el7                                         
  perl-constant.noarch 0:1.27-2.el7                                             
  perl-libs.x86_64 4:5.16.3-294.el7_6                                           
  perl-macros.x86_64 4:5.16.3-294.el7_6                                         
  perl-parent.noarch 1:0.225-244.el7                                            
  perl-podlators.noarch 0:2.5.1-3.el7                                           
  perl-threads.x86_64 0:1.87-4.el7                                              
  perl-threads-shared.x86_64 0:1.43-6.el7                                       
  postgresql.x86_64 0:9.2.24-1.el7_5                                            
  postgresql-libs.x86_64 0:9.2.24-1.el7_5                                       
  sysvinit-tools.x86_64 0:2.88-14.dsf.el7                                       
  tcp_wrappers-libs.x86_64 0:7.6-77.el7                                         
  zlib-devel.x86_64 0:1.2.7-18.el7                                              

Complete!
Purpose: Intel(R) C++ Compiler 18.0 Update 5 for Linux* Redistribution Content
Package Version: l_comp_lib_2018.5.274
Installation program install.sh completed.
Loaded plugins: fastestmirror, ovl
Loading mirror speeds from cached hostfile
No package l_mpi_2018.5.288/rpm/EULA.txt available.
Examining l_mpi_2018.5.288/rpm/intel-comp-l-all-vars-18.0.6-288-18.0.6-288.noarch.rpm: intel-comp-l-all-vars-18.0.6-288-18.0.6-288.noarch
Marking l_mpi_2018.5.288/rpm/intel-comp-l-all-vars-18.0.6-288-18.0.6-288.noarch.rpm to be installed
Examining l_mpi_2018.5.288/rpm/intel-comp-nomcu-vars-18.0.6-288-18.0.6-288.noarch.rpm: intel-comp-nomcu-vars-18.0.6-288-18.0.6-288.noarch
Marking l_mpi_2018.5.288/rpm/intel-comp-nomcu-vars-18.0.6-288-18.0.6-288.noarch.rpm to be installed
Examining l_mpi_2018.5.288/rpm/intel-compxe-pset-2018.5-059-2018.5-059.noarch.rpm: intel-compxe-pset-2018.5-059-2018.5-059.noarch
Marking l_mpi_2018.5.288/rpm/intel-compxe-pset-2018.5-059-2018.5-059.noarch.rpm to be installed
Examining l_mpi_2018.5.288/rpm/intel-imb-2018.5-288-2018.5-288.x86_64.rpm: intel-imb-2018.5-288-2018.5-288.x86_64
Marking l_mpi_2018.5.288/rpm/intel-imb-2018.5-288-2018.5-288.x86_64.rpm to be installed
Examining l_mpi_2018.5.288/rpm/intel-mpi-doc-2018-2018.5-288.x86_64.rpm: intel-mpi-doc-2018-2018.5-288.x86_64
Marking l_mpi_2018.5.288/rpm/intel-mpi-doc-2018-2018.5-288.x86_64.rpm to be installed
Examining l_mpi_2018.5.288/rpm/intel-mpi-installer-license-2018.5-288-2018.5-288.x86_64.rpm: intel-mpi-installer-license-2018.5-288-2018.5-288.x86_64
Marking l_mpi_2018.5.288/rpm/intel-mpi-installer-license-2018.5-288-2018.5-288.x86_64.rpm to be installed
Examining l_mpi_2018.5.288/rpm/intel-mpi-psxe-2018.5-059-2018.5-059.x86_64.rpm: intel-mpi-psxe-2018.5-059-2018.5-059.x86_64
Marking l_mpi_2018.5.288/rpm/intel-mpi-psxe-2018.5-059-2018.5-059.x86_64.rpm to be installed
Examining l_mpi_2018.5.288/rpm/intel-mpi-rt-2018.5-288-2018.5-288.x86_64.rpm: intel-mpi-rt-2018.5-288-2018.5-288.x86_64
Marking l_mpi_2018.5.288/rpm/intel-mpi-rt-2018.5-288-2018.5-288.x86_64.rpm to be installed
Examining l_mpi_2018.5.288/rpm/intel-mpi-samples-2018.5-288-2018.5-288.x86_64.rpm: intel-mpi-samples-2018.5-288-2018.5-288.x86_64
Marking l_mpi_2018.5.288/rpm/intel-mpi-samples-2018.5-288-2018.5-288.x86_64.rpm to be installed
Examining l_mpi_2018.5.288/rpm/intel-mpi-sdk-2018.5-288-2018.5-288.x86_64.rpm: intel-mpi-sdk-2018.5-288-2018.5-288.x86_64
Marking l_mpi_2018.5.288/rpm/intel-mpi-sdk-2018.5-288-2018.5-288.x86_64.rpm to be installed
Examining l_mpi_2018.5.288/rpm/intel-psxe-common-2018.5-059-2018.5-059.noarch.rpm: intel-psxe-common-2018.5-059-2018.5-059.noarch
Marking l_mpi_2018.5.288/rpm/intel-psxe-common-2018.5-059-2018.5-059.noarch.rpm to be installed
Examining l_mpi_2018.5.288/rpm/intel-psxe-common-doc-2018-2018.5-059.noarch.rpm: intel-psxe-common-doc-2018-2018.5-059.noarch
Marking l_mpi_2018.5.288/rpm/intel-psxe-common-doc-2018-2018.5-059.noarch.rpm to be installed
Resolving Dependencies
--> Running transaction check
---> Package intel-comp-l-all-vars-18.0.6-288.noarch 0:18.0.6-288 will be installed
---> Package intel-comp-nomcu-vars-18.0.6-288.noarch 0:18.0.6-288 will be installed
---> Package intel-compxe-pset-2018.5-059.noarch 0:2018.5-059 will be installed
---> Package intel-imb-2018.5-288.x86_64 0:2018.5-288 will be installed
---> Package intel-mpi-doc-2018.x86_64 0:2018.5-288 will be installed
---> Package intel-mpi-installer-license-2018.5-288.x86_64 0:2018.5-288 will be installed
---> Package intel-mpi-psxe-2018.5-059.x86_64 0:2018.5-059 will be installed
---> Package intel-mpi-rt-2018.5-288.x86_64 0:2018.5-288 will be installed
---> Package intel-mpi-samples-2018.5-288.x86_64 0:2018.5-288 will be installed
---> Package intel-mpi-sdk-2018.5-288.x86_64 0:2018.5-288 will be installed
---> Package intel-psxe-common-2018.5-059.noarch 0:2018.5-059 will be installed
---> Package intel-psxe-common-doc-2018.noarch 0:2018.5-059 will be installed
--> Finished Dependency Resolution

Dependencies Resolved

================================================================================
 Package
   Arch   Version     Repository                                           Size
================================================================================
Installing:
 intel-comp-l-all-vars-18.0.6-288
   noarch 18.0.6-288  /intel-comp-l-all-vars-18.0.6-288-18.0.6-288.noarch  34 k
 intel-comp-nomcu-vars-18.0.6-288
   noarch 18.0.6-288  /intel-comp-nomcu-vars-18.0.6-288-18.0.6-288.noarch  32 k
 intel-compxe-pset-2018.5-059
   noarch 2018.5-059  /intel-compxe-pset-2018.5-059-2018.5-059.noarch      39 M
 intel-imb-2018.5-288
   x86_64 2018.5-288  /intel-imb-2018.5-288-2018.5-288.x86_64             919 k
 intel-mpi-doc-2018
   x86_64 2018.5-288  /intel-mpi-doc-2018-2018.5-288.x86_64                85 k
 intel-mpi-installer-license-2018.5-288
   x86_64 2018.5-288  /intel-mpi-installer-license-2018.5-288-2018.5-288.x86_64
                                                                           15 k
 intel-mpi-psxe-2018.5-059
   x86_64 2018.5-059  /intel-mpi-psxe-2018.5-059-2018.5-059.x86_64        123  
 intel-mpi-rt-2018.5-288
   x86_64 2018.5-288  /intel-mpi-rt-2018.5-288-2018.5-288.x86_64           38 M
 intel-mpi-samples-2018.5-288
   x86_64 2018.5-288  /intel-mpi-samples-2018.5-288-2018.5-288.x86_64      11 k
 intel-mpi-sdk-2018.5-288
   x86_64 2018.5-288  /intel-mpi-sdk-2018.5-288-2018.5-288.x86_64         423 M
 intel-psxe-common-2018.5-059
   noarch 2018.5-059  /intel-psxe-common-2018.5-059-2018.5-059.noarch     8.9 k
 intel-psxe-common-doc-2018
   noarch 2018.5-059  /intel-psxe-common-doc-2018-2018.5-059.noarch       7.8 k

Transaction Summary
================================================================================
Install  12 Packages

Total size: 501 M
Installed size: 501 M
Downloading packages:
Running transaction check
Running transaction test
Transaction test succeeded
Running transaction
  Installing : intel-mpi-doc-2018-2018.5-288.x86_64                        1/12 
  Installing : intel-mpi-samples-2018.5-288-2018.5-288.x86_64              2/12 
  Installing : intel-psxe-common-doc-2018-2018.5-059.noarch                3/12 
  Installing : intel-comp-l-all-vars-18.0.6-288-18.0.6-288.noarch          4/12 
  Installing : intel-comp-nomcu-vars-18.0.6-288-18.0.6-288.noarch          5/12 
  Installing : intel-mpi-rt-2018.5-288-2018.5-288.x86_64                   6/12 
  Installing : intel-mpi-sdk-2018.5-288-2018.5-288.x86_64                  7/12 
  Installing : intel-psxe-common-2018.5-059-2018.5-059.noarch              8/12 
  Installing : intel-mpi-installer-license-2018.5-288-2018.5-288.x86_64    9/12 
  Installing : intel-mpi-psxe-2018.5-059-2018.5-059.x86_64                10/12 
  Installing : intel-imb-2018.5-288-2018.5-288.x86_64                     11/12 
  Installing : intel-compxe-pset-2018.5-059-2018.5-059.noarch             12/12 
  Verifying  : intel-comp-l-all-vars-18.0.6-288-18.0.6-288.noarch          1/12 
  Verifying  : intel-mpi-samples-2018.5-288-2018.5-288.x86_64              2/12 
  Verifying  : intel-compxe-pset-2018.5-059-2018.5-059.noarch              3/12 
  Verifying  : intel-psxe-common-2018.5-059-2018.5-059.noarch              4/12 
  Verifying  : intel-imb-2018.5-288-2018.5-288.x86_64                      5/12 
  Verifying  : intel-comp-nomcu-vars-18.0.6-288-18.0.6-288.noarch          6/12 
  Verifying  : intel-mpi-psxe-2018.5-059-2018.5-059.x86_64                 7/12 
  Verifying  : intel-mpi-rt-2018.5-288-2018.5-288.x86_64                   8/12 
  Verifying  : intel-mpi-doc-2018-2018.5-288.x86_64                        9/12 
  Verifying  : intel-mpi-sdk-2018.5-288-2018.5-288.x86_64                 10/12 
  Verifying  : intel-mpi-installer-license-2018.5-288-2018.5-288.x86_64   11/12 
  Verifying  : intel-psxe-common-doc-2018-2018.5-059.noarch               12/12 

Installed:
  intel-comp-l-all-vars-18.0.6-288.noarch 0:18.0.6-288                          
  intel-comp-nomcu-vars-18.0.6-288.noarch 0:18.0.6-288                          
  intel-compxe-pset-2018.5-059.noarch 0:2018.5-059                              
  intel-imb-2018.5-288.x86_64 0:2018.5-288                                      
  intel-mpi-doc-2018.x86_64 0:2018.5-288                                        
  intel-mpi-installer-license-2018.5-288.x86_64 0:2018.5-288                    
  intel-mpi-psxe-2018.5-059.x86_64 0:2018.5-059                                 
  intel-mpi-rt-2018.5-288.x86_64 0:2018.5-288                                   
  intel-mpi-samples-2018.5-288.x86_64 0:2018.5-288                              
  intel-mpi-sdk-2018.5-288.x86_64 0:2018.5-288                                  
  intel-psxe-common-2018.5-059.noarch 0:2018.5-059                              
  intel-psxe-common-doc-2018.noarch 0:2018.5-059                                

Complete!
Installing All OPA Software
Determining what is installed on system...
-------------------------------------------------------------------------------
Preparing OFA 10.9.3.1.1 release for Install...
-------------------------------------------------------------------------------
Installing opaconfig...
installing opaconfig-10.9.3.1-1.x86_64...
-------------------------------------------------------------------------------
Installing OFA OPA Stack 10.9.3.1.1 release...
Allow non-root users to access the UMAD interface? -> y
Enable Adjust kernel ARP table size for large fabrics (ARPTABLE_TUNING)? -> y
installing opa-scripts-1.2-2.noarch...
Created symlink /etc/systemd/system/multi-user.target.wants/opa.service, pointing to /usr/lib/systemd/system/opa.service.
Running in chroot, ignoring request.
-------------------------------------------------------------------------------
Installing MPI selector 10.9.3.1.1 release...
installing mpi-selector-1.0.3-1.x86_64...
-------------------------------------------------------------------------------
Installing OPA Tools 10.9.3.1.1.el7 release...
installing opa-basic-tools-10.9.3.1-1.el7.x86_64...
installing opa-address-resolution-10.9.3.1-1.el7.x86_64...
-------------------------------------------------------------------------------
Installing Intel HFI Components 10.9.3.1.1 release...
installing libpsm2-11.2.80-1.x86_64...
installing libpsm2-devel-11.2.80-1.x86_64...
installing libpsm2-compat-11.2.80-1.x86_64...
installing libfabric-1.6.2-25.x86_64...
installing libfabric-devel-1.6.2-25.x86_64...
installing libfabric-psm-1.6.2-25.x86_64...
installing libfabric-psm2-1.6.2-25.x86_64...
installing libfabric-verbs-1.6.2-25.x86_64...
installing hfi1-diagtools-sw-0.8-114.x86_64...
installing hfidiags-0.8-114.x86_64...
-------------------------------------------------------------------------------
Installing OFA OPA Development 10.9.3.1.1 release...
-------------------------------------------------------------------------------
Installing OFA IP over IB 10.9.3.1.1 release...
Configure OFA IP over IB IPV4 addresses now? -> n

OFA IP over IB requires an ifcfg file for each OFA IP over IB device instance.
Manually create files such as '/etc/sysconfig/network-scripts/ifcfg-ib0'
-------------------------------------------------------------------------------
Installing OPA Management SDK 10.9.3.1.1.el7 release...
installing opa-libopamgt-10.9.3.1-1.el7.x86_64...
installing opa-libopamgt-devel-10.9.3.1-1.el7.x86_64...
-------------------------------------------------------------------------------
Installing MVAPICH2 (hfi,gcc) 2.3b-10...
installing mvapich2_gcc_hfi-2.3b-10.x86_64...
installing mpitests_mvapich2_gcc_hfi-4.0-931.x86_64...
-------------------------------------------------------------------------------
Installing OpenMPI (hfi,gcc) 2.1.2-40.el7...
installing openmpi_gcc_hfi-2.1.2-40.el7.x86_64...
installing mpitests_openmpi_gcc_hfi-4.0-931.x86_64...
-------------------------------------------------------------------------------
Installing OpenMPI (cuda,gcc) 2.1.2-40.el7...
installing openmpi_gcc_cuda_hfi-2.1.2-40.el7.x86_64...
installing mpitests_openmpi_gcc_cuda_hfi-4.0-931.x86_64...
-------------------------------------------------------------------------------
Installing Sandia-OpenSHMEM  10.9.3.1.1 release...
installing sandia-openshmem_gcc_hfi-1.4.2-6.x86_64...
installing sandia-openshmem_gcc_hfi-devel-1.4.2-6.x86_64...
installing sandia-openshmem_gcc_hfi-tests-1.4.2-6.x86_64...
-------------------------------------------------------------------------------
Installing MPI Source 10.9.3.1.1...
-------------------------------------------------------------------------------
Installing OFA Debug Info 10.9.3.1.1 release...
installing hfi1-diagtools-sw-debuginfo-0.8-114.x86_64...
installing libpsm2-debuginfo-11.2.80-1.x86_64...
Leaving autostart for OFA OPA Stack (opa) at its previous value: disabled
Leaving autostart for OFA IBACM (ibacm) at its previous value: disabled
Leaving autostart for RDMA NDD at its previous value: enabled
Leaving autostart for OFA SRP at its previous value: enabled
Leaving autostart for OFA SRPT at its previous value: enabled
Leaving autostart for Intel HFI Components at its previous value: enabled
Leaving autostart for OFA IP over IB at its previous value: enabled
-------------------------------------------------------------------------------
[1m[31mA System Reboot is recommended to activate the software changes
[0mDone Installing OPA Software.

## Installing the NodeSource Node.js 12.x repo...


## Inspecting system...

+ rpm -q --whatprovides redhat-release || rpm -q --whatprovides centos-release || rpm -q --whatprovides cloudlinux-release || rpm -q --whatprovides sl-release
+ uname -m

## Confirming "el7-x86_64" is supported...

+ curl -sLf -o /dev/null 'https://rpm.nodesource.com/pub_12.x/el/7/x86_64/nodesource-release-el7-1.noarch.rpm'

## Downloading release setup RPM...

+ mktemp
+ curl -sL -o '/tmp/tmp.zM2MEJNKip' 'https://rpm.nodesource.com/pub_12.x/el/7/x86_64/nodesource-release-el7-1.noarch.rpm'

## Installing release setup RPM...

+ rpm -i --nosignature --force '/tmp/tmp.zM2MEJNKip'

## Cleaning up...

+ rm -f '/tmp/tmp.zM2MEJNKip'

## Checking for existing installations...

+ rpm -qa 'node|npm' | grep -v nodesource

## Run `sudo yum install -y nodejs` to install Node.js 12.x and npm.
## You may also need development tools to build native addons:
     sudo yum install gcc-c++ make
## To install the Yarn package manager, run:
     curl -sL https://dl.yarnpkg.com/rpm/yarn.repo | sudo tee /etc/yum.repos.d/yarn.repo
     sudo yum install yarn

Loaded plugins: fastestmirror, ovl
Loading mirror speeds from cached hostfile
Resolving Dependencies
--> Running transaction check
---> Package nodejs.x86_64 2:12.21.0-1nodesource will be installed
--> Finished Dependency Resolution

Dependencies Resolved

================================================================================
 Package      Arch         Version                       Repository        Size
================================================================================
Installing:
 nodejs       x86_64       2:12.21.0-1nodesource         nodesource        22 M

Transaction Summary
================================================================================
Install  1 Package

Total download size: 22 M
Installed size: 67 M
Downloading packages:
Public key for nodejs-12.21.0-1nodesource.x86_64.rpm is not installed
Retrieving key from file:///etc/pki/rpm-gpg/NODESOURCE-GPG-SIGNING-KEY-EL
Running transaction check
Running transaction test
Transaction test succeeded
Running transaction
  Installing : 2:nodejs-12.21.0-1nodesource.x86_64                          1/1 
  Verifying  : 2:nodejs-12.21.0-1nodesource.x86_64                          1/1 

Installed:
  nodejs.x86_64 2:12.21.0-1nodesource                                           

Complete!
/usr/bin/jq -> /usr/lib/node_modules/jq-cli-wrapper/vendor/jq

> jq-cli-wrapper@1.6.1 postinstall /usr/lib/node_modules/jq-cli-wrapper
> rm -rf vendor; node link-binary.js

+ jq-cli-wrapper@1.6.1
added 289 packages from 139 contributors in 17.567s
/usr/bin/epiHiperValidateSchema -> /usr/lib/node_modules/@shoops/epi-hiper-validator/bin/epiHiperValidateSchema
/usr/bin/epiHiperValidateRules -> /usr/lib/node_modules/@shoops/epi-hiper-validator/bin/epiHiperValidateRules
/usr/bin/epiHiperStatus -> /usr/lib/node_modules/@shoops/epi-hiper-validator/bin/epiHiperStatus
/usr/bin/epiHiperMerge -> /usr/lib/node_modules/@shoops/epi-hiper-validator/bin/epiHiperMerge
+ @shoops/epi-hiper-validator@1.2.4
added 29 packages from 68 contributors in 6.356s
